<?xml version="1.0" encoding="UTF-8"?>
<!-- Generated by org.testng.reporters.JUnitReportReporter -->
<testsuite hostname="DESKTOP-B50K3QI" failures="0" tests="1" name="testRunners.TestNgRunner" time="12.226" errors="0" timestamp="2023-10-17T08:30:38 EDT" skipped="0">
  <testcase classname="testRunners.TestNgRunner" name="runScenario" time="12.226"/>
</testsuite> <!-- testRunners.TestNgRunner -->
